<?xml version="1.0" encoding="UTF-8"?>
<!-- Generated by org.testng.reporters.JUnitReportReporter -->
<testsuite hostname="DESKTOP-EGE3AH4" failures="0" tests="1" name="Naukari1.login1" time="44.977" errors="0" timestamp="2023-02-08T17:43:55 IST" skipped="0">
  <testcase classname="Naukari1.login1" name="Test" time="44.977"/>
  <system-out/>
</testsuite> <!-- Naukari1.login1 -->
